2026-02-26 02:06:48,403 - ProgramLogger - INFO - Program started
2026-02-26 02:06:48,403 - ProgramLogger - INFO - Started scanning on VirusTotal
2026-02-26 02:06:56,124 - ProgramLogger - INFO - Scanning is successful
2026-02-26 02:06:56,125 - ProgramLogger - INFO - JSON report generated
2026-02-26 02:06:56,125 - ProgramLogger - INFO - Program started
2026-02-26 02:06:56,125 - ProgramLogger - INFO - Program started
2026-02-26 02:06:56,125 - ProgramLogger - INFO - Started scanning on VirusTotal
2026-02-26 02:06:56,125 - ProgramLogger - INFO - Started scanning on VirusTotal
2026-02-26 02:07:00,363 - ProgramLogger - INFO - Scanning is successful
2026-02-26 02:07:00,363 - ProgramLogger - INFO - Scanning is successful
2026-02-26 02:07:00,364 - ProgramLogger - INFO - JSON report generated
2026-02-26 02:07:00,364 - ProgramLogger - INFO - JSON report generated
2026-02-26 02:09:21,404 - ProgramLogger - INFO - Program started
2026-02-26 02:09:21,404 - ProgramLogger - INFO - Started scanning on VirusTotal
2026-02-26 02:09:28,580 - ProgramLogger - INFO - Scanning is successful
2026-02-26 02:09:28,580 - ProgramLogger - INFO - CSV report generated
2026-02-26 02:09:28,581 - ProgramLogger - INFO - Program started
2026-02-26 02:09:28,581 - ProgramLogger - INFO - Program started
2026-02-26 02:09:28,581 - ProgramLogger - INFO - Started scanning on VirusTotal
2026-02-26 02:09:28,581 - ProgramLogger - INFO - Started scanning on VirusTotal
2026-02-26 02:09:32,553 - ProgramLogger - INFO - Scanning is successful
2026-02-26 02:09:32,553 - ProgramLogger - INFO - Scanning is successful
2026-02-26 02:09:32,554 - ProgramLogger - INFO - CSV report generated
2026-02-26 02:09:32,554 - ProgramLogger - INFO - CSV report generated
2026-02-26 02:12:24,624 - ProgramLogger - INFO - Program started
2026-02-26 02:12:24,624 - ProgramLogger - INFO - Started scanning on VirusTotal
2026-02-26 02:12:32,879 - ProgramLogger - INFO - Scanning is successful
2026-02-26 02:12:32,880 - ProgramLogger - INFO - JSON report generated
2026-02-26 02:17:41,587 - ProgramLogger - INFO - Program started
2026-02-26 02:17:41,587 - ProgramLogger - INFO - Started scanning on VirusTotal
2026-02-26 02:17:48,873 - ProgramLogger - INFO - Scanning is successful
2026-02-26 02:17:48,873 - ProgramLogger - INFO - CSV report generated
